build/app/intermediates/manifest_merge_blame_file/debug/processDebugMainManifest/manifest-merger-blame-debug-report.txt
1<?xml version="1.0" encoding="utf-8"?>
2<manifest xmlns:android="http://schemas.android.com/apk/res/android"
3    package="com.example.nutrilensfire"
4    android:versionCode="1"
5    android:versionName="1.0.0" >
6
7    <uses-sdk
8        android:minSdkVersion="23"
9        android:targetSdkVersion="35" />
10    <!--
11         The INTERNET permission is required for development. Specifically,
12         the Flutter tool needs it to communicate with the running application
13         to allow setting breakpoints, to provide hot reload, etc.
14    -->
15    <uses-permission android:name="android.permission.INTERNET" />
15-->src\debug\AndroidManifest.xml:6:5-66
15-->src\debug\AndroidManifest.xml:6:22-64
16    <!--
17     Required to query activities that can process text, see:
18         https://developer.android.com/training/package-visibility and
19         https://developer.android.com/reference/android/content/Intent#ACTION_PROCESS_TEXT.
20
21         In particular, this is used by the Flutter engine in io.flutter.plugin.text.ProcessTextPlugin.
22    -->
23    <queries>
23-->src\main\AndroidManifest.xml:39:5-44:15
24        <intent>
24-->src\main\AndroidManifest.xml:40:9-43:18
25            <action android:name="android.intent.action.PROCESS_TEXT" />
25-->src\main\AndroidManifest.xml:41:13-72
25-->src\main\AndroidManifest.xml:41:21-70
26
27            <data android:mimeType="text/plain" />
27-->src\main\AndroidManifest.xml:42:13-50
27-->src\main\AndroidManifest.xml:42:19-48
28        </intent>
29    </queries>
30
31    <uses-permission android:name="android.permission.CAMERA" />
31-->[:mobile_scanner] AndroidManifest.xml:7:5-65
31-->[:mobile_scanner] AndroidManifest.xml:7:22-62
32
33    <uses-feature
33-->[:mobile_scanner] AndroidManifest.xml:9:5-11:36
34        android:name="android.hardware.camera"
34-->[:mobile_scanner] AndroidManifest.xml:10:9-47
35        android:required="false" />
35-->[:mobile_scanner] AndroidManifest.xml:11:9-33
36
37    <uses-permission android:name="android.permission.WAKE_LOCK" />
37-->[:firebase_messaging] AndroidManifest.xml:8:5-68
37-->[:firebase_messaging] AndroidManifest.xml:8:22-65
38    <uses-permission android:name="android.permission.ACCESS_NETWORK_STATE" /> <!-- Permissions options for the `notification` group -->
38-->[:firebase_messaging] AndroidManifest.xml:9:5-79
38-->[:firebase_messaging] AndroidManifest.xml:9:22-76
39    <uses-permission android:name="android.permission.POST_NOTIFICATIONS" /> <!-- Required by older versions of Google Play services to create IID tokens -->
39-->[:firebase_messaging] AndroidManifest.xml:11:5-77
39-->[:firebase_messaging] AndroidManifest.xml:11:22-74
40    <uses-permission android:name="com.google.android.c2dm.permission.RECEIVE" />
40-->[com.google.firebase:firebase-messaging:24.1.1] AndroidManifest.xml:26:5-82
40-->[com.google.firebase:firebase-messaging:24.1.1] AndroidManifest.xml:26:22-79
41    <uses-permission android:name="com.google.android.providers.gsf.permission.READ_GSERVICES" />
41-->[com.google.android.recaptcha:recaptcha:18.6.1] AndroidManifest.xml:9:5-98
41-->[com.google.android.recaptcha:recaptcha:18.6.1] AndroidManifest.xml:9:22-95
42
43    <permission
43-->[androidx.core:core:1.13.1] AndroidManifest.xml:22:5-24:47
44        android:name="com.example.nutrilensfire.DYNAMIC_RECEIVER_NOT_EXPORTED_PERMISSION"
44-->[androidx.core:core:1.13.1] AndroidManifest.xml:23:9-81
45        android:protectionLevel="signature" />
45-->[androidx.core:core:1.13.1] AndroidManifest.xml:24:9-44
46
47    <uses-permission android:name="com.example.nutrilensfire.DYNAMIC_RECEIVER_NOT_EXPORTED_PERMISSION" />
47-->[androidx.core:core:1.13.1] AndroidManifest.xml:26:5-97
47-->[androidx.core:core:1.13.1] AndroidManifest.xml:26:22-94
48
49    <application
50        android:name="android.app.Application"
51        android:appComponentFactory="androidx.core.app.CoreComponentFactory"
51-->[androidx.core:core:1.13.1] AndroidManifest.xml:28:18-86
52        android:debuggable="true"
53        android:extractNativeLibs="false"
54        android:icon="@mipmap/ic_launcher"
55        android:label="nutrilensfire" >
56        <activity
57            android:name="com.example.nutrilensfire.MainActivity"
58            android:configChanges="orientation|keyboardHidden|keyboard|screenSize|smallestScreenSize|locale|layoutDirection|fontScale|screenLayout|density|uiMode"
59            android:exported="true"
60            android:hardwareAccelerated="true"
61            android:launchMode="singleTop"
62            android:taskAffinity=""
63            android:theme="@style/LaunchTheme"
64            android:windowSoftInputMode="adjustResize" >
65
66            <!--
67                 Specifies an Android theme to apply to this Activity as soon as
68                 the Android process has started. This theme is visible to the user
69                 while the Flutter UI initializes. After that, this theme continues
70                 to determine the Window background behind the Flutter UI.
71            -->
72            <meta-data
73                android:name="io.flutter.embedding.android.NormalTheme"
74                android:resource="@style/NormalTheme" />
75
76            <intent-filter>
77                <action android:name="android.intent.action.MAIN" />
78
79                <category android:name="android.intent.category.LAUNCHER" />
80            </intent-filter>
81        </activity>
82        <!--
83             Don't delete the meta-data below.
84             This is used by the Flutter tool to generate GeneratedPluginRegistrant.java
85        -->
86        <meta-data
87            android:name="flutterEmbedding"
88            android:value="2" />
89
90        <service
90-->[:firebase_auth] AndroidManifest.xml:8:9-12:19
91            android:name="com.google.firebase.components.ComponentDiscoveryService"
91-->[:firebase_auth] AndroidManifest.xml:8:18-89
92            android:directBootAware="true"
92-->[com.google.firebase:firebase-common:21.0.0] AndroidManifest.xml:32:13-43
93            android:exported="false" >
93-->[com.google.firebase:firebase-auth:23.2.0] AndroidManifest.xml:68:13-37
94            <meta-data
94-->[:firebase_auth] AndroidManifest.xml:9:13-11:85
95                android:name="com.google.firebase.components:io.flutter.plugins.firebase.auth.FlutterFirebaseAuthRegistrar"
95-->[:firebase_auth] AndroidManifest.xml:10:17-124
96                android:value="com.google.firebase.components.ComponentRegistrar" />
96-->[:firebase_auth] AndroidManifest.xml:11:17-82
97            <meta-data
97-->[:firebase_database] AndroidManifest.xml:9:13-11:85
98                android:name="com.google.firebase.components:io.flutter.plugins.firebase.database.FlutterFirebaseAppRegistrar"
98-->[:firebase_database] AndroidManifest.xml:10:17-127
99                android:value="com.google.firebase.components.ComponentRegistrar" />
99-->[:firebase_database] AndroidManifest.xml:11:17-82
100            <meta-data
100-->[:firebase_messaging] AndroidManifest.xml:36:13-38:85
101                android:name="com.google.firebase.components:io.flutter.plugins.firebase.messaging.FlutterFirebaseAppRegistrar"
101-->[:firebase_messaging] AndroidManifest.xml:37:17-128
102                android:value="com.google.firebase.components.ComponentRegistrar" />
102-->[:firebase_messaging] AndroidManifest.xml:38:17-82
103            <meta-data
103-->[:firebase_core] AndroidManifest.xml:9:13-11:85
104                android:name="com.google.firebase.components:io.flutter.plugins.firebase.core.FlutterFirebaseCoreRegistrar"
104-->[:firebase_core] AndroidManifest.xml:10:17-124
105                android:value="com.google.firebase.components.ComponentRegistrar" />
105-->[:firebase_core] AndroidManifest.xml:11:17-82
106            <meta-data
106-->[com.google.firebase:firebase-auth:23.2.0] AndroidManifest.xml:69:13-71:85
107                android:name="com.google.firebase.components:com.google.firebase.auth.FirebaseAuthRegistrar"
107-->[com.google.firebase:firebase-auth:23.2.0] AndroidManifest.xml:70:17-109
108                android:value="com.google.firebase.components.ComponentRegistrar" />
108-->[com.google.firebase:firebase-auth:23.2.0] AndroidManifest.xml:71:17-82
109            <meta-data
109-->[com.google.firebase:firebase-database:21.0.0] AndroidManifest.xml:29:13-31:85
110                android:name="com.google.firebase.components:com.google.firebase.database.FirebaseDatabaseKtxRegistrar"
110-->[com.google.firebase:firebase-database:21.0.0] AndroidManifest.xml:30:17-120
111                android:value="com.google.firebase.components.ComponentRegistrar" />
111-->[com.google.firebase:firebase-database:21.0.0] AndroidManifest.xml:31:17-82
112            <meta-data
112-->[com.google.firebase:firebase-database:21.0.0] AndroidManifest.xml:32:13-34:85
113                android:name="com.google.firebase.components:com.google.firebase.database.DatabaseRegistrar"
113-->[com.google.firebase:firebase-database:21.0.0] AndroidManifest.xml:33:17-109
114                android:value="com.google.firebase.components.ComponentRegistrar" />
114-->[com.google.firebase:firebase-database:21.0.0] AndroidManifest.xml:34:17-82
115            <meta-data
115-->[com.google.firebase:firebase-messaging-ktx:24.1.1] AndroidManifest.xml:26:13-28:85
116                android:name="com.google.firebase.components:com.google.firebase.messaging.ktx.FirebaseMessagingLegacyRegistrar"
116-->[com.google.firebase:firebase-messaging-ktx:24.1.1] AndroidManifest.xml:27:17-129
117                android:value="com.google.firebase.components.ComponentRegistrar" />
117-->[com.google.firebase:firebase-messaging-ktx:24.1.1] AndroidManifest.xml:28:17-82
118            <meta-data
118-->[com.google.firebase:firebase-messaging:24.1.1] AndroidManifest.xml:57:13-59:85
119                android:name="com.google.firebase.components:com.google.firebase.messaging.FirebaseMessagingKtxRegistrar"
119-->[com.google.firebase:firebase-messaging:24.1.1] AndroidManifest.xml:58:17-122
120                android:value="com.google.firebase.components.ComponentRegistrar" />
120-->[com.google.firebase:firebase-messaging:24.1.1] AndroidManifest.xml:59:17-82
121            <meta-data
121-->[com.google.firebase:firebase-messaging:24.1.1] AndroidManifest.xml:60:13-62:85
122                android:name="com.google.firebase.components:com.google.firebase.messaging.FirebaseMessagingRegistrar"
122-->[com.google.firebase:firebase-messaging:24.1.1] AndroidManifest.xml:61:17-119
123                android:value="com.google.firebase.components.ComponentRegistrar" />
123-->[com.google.firebase:firebase-messaging:24.1.1] AndroidManifest.xml:62:17-82
124            <meta-data
124-->[com.google.firebase:firebase-installations:18.0.0] AndroidManifest.xml:15:13-17:85
125                android:name="com.google.firebase.components:com.google.firebase.installations.FirebaseInstallationsKtxRegistrar"
125-->[com.google.firebase:firebase-installations:18.0.0] AndroidManifest.xml:16:17-130
126                android:value="com.google.firebase.components.ComponentRegistrar" />
126-->[com.google.firebase:firebase-installations:18.0.0] AndroidManifest.xml:17:17-82
127            <meta-data
127-->[com.google.firebase:firebase-installations:18.0.0] AndroidManifest.xml:18:13-20:85
128                android:name="com.google.firebase.components:com.google.firebase.installations.FirebaseInstallationsRegistrar"
128-->[com.google.firebase:firebase-installations:18.0.0] AndroidManifest.xml:19:17-127
129                android:value="com.google.firebase.components.ComponentRegistrar" />
129-->[com.google.firebase:firebase-installations:18.0.0] AndroidManifest.xml:20:17-82
130            <meta-data
130-->[com.google.firebase:firebase-common-ktx:21.0.0] AndroidManifest.xml:12:13-14:85
131                android:name="com.google.firebase.components:com.google.firebase.ktx.FirebaseCommonLegacyRegistrar"
131-->[com.google.firebase:firebase-common-ktx:21.0.0] AndroidManifest.xml:13:17-116
132                android:value="com.google.firebase.components.ComponentRegistrar" />
132-->[com.google.firebase:firebase-common-ktx:21.0.0] AndroidManifest.xml:14:17-82
133            <meta-data
133-->[com.google.firebase:firebase-common:21.0.0] AndroidManifest.xml:35:13-37:85
134                android:name="com.google.firebase.components:com.google.firebase.FirebaseCommonKtxRegistrar"
134-->[com.google.firebase:firebase-common:21.0.0] AndroidManifest.xml:36:17-109
135                android:value="com.google.firebase.components.ComponentRegistrar" />
135-->[com.google.firebase:firebase-common:21.0.0] AndroidManifest.xml:37:17-82
136            <meta-data
136-->[com.google.firebase:firebase-datatransport:18.2.0] AndroidManifest.xml:25:13-27:85
137                android:name="com.google.firebase.components:com.google.firebase.datatransport.TransportRegistrar"
137-->[com.google.firebase:firebase-datatransport:18.2.0] AndroidManifest.xml:26:17-115
138                android:value="com.google.firebase.components.ComponentRegistrar" />
138-->[com.google.firebase:firebase-datatransport:18.2.0] AndroidManifest.xml:27:17-82
139        </service>
140        <service
140-->[:firebase_messaging] AndroidManifest.xml:14:9-17:72
141            android:name="io.flutter.plugins.firebase.messaging.FlutterFirebaseMessagingBackgroundService"
141-->[:firebase_messaging] AndroidManifest.xml:15:13-107
142            android:exported="false"
142-->[:firebase_messaging] AndroidManifest.xml:16:13-37
143            android:permission="android.permission.BIND_JOB_SERVICE" />
143-->[:firebase_messaging] AndroidManifest.xml:17:13-69
144        <service
144-->[:firebase_messaging] AndroidManifest.xml:18:9-24:19
145            android:name="io.flutter.plugins.firebase.messaging.FlutterFirebaseMessagingService"
145-->[:firebase_messaging] AndroidManifest.xml:19:13-97
146            android:exported="false" >
146-->[:firebase_messaging] AndroidManifest.xml:20:13-37
147            <intent-filter>
147-->[:firebase_messaging] AndroidManifest.xml:21:13-23:29
148                <action android:name="com.google.firebase.MESSAGING_EVENT" />
148-->[:firebase_messaging] AndroidManifest.xml:22:17-78
148-->[:firebase_messaging] AndroidManifest.xml:22:25-75
149            </intent-filter>
150        </service>
151
152        <receiver
152-->[:firebase_messaging] AndroidManifest.xml:26:9-33:20
153            android:name="io.flutter.plugins.firebase.messaging.FlutterFirebaseMessagingReceiver"
153-->[:firebase_messaging] AndroidManifest.xml:27:13-98
154            android:exported="true"
154-->[:firebase_messaging] AndroidManifest.xml:28:13-36
155            android:permission="com.google.android.c2dm.permission.SEND" >
155-->[:firebase_messaging] AndroidManifest.xml:29:13-73
156            <intent-filter>
156-->[:firebase_messaging] AndroidManifest.xml:30:13-32:29
157                <action android:name="com.google.android.c2dm.intent.RECEIVE" />
157-->[:firebase_messaging] AndroidManifest.xml:31:17-81
157-->[:firebase_messaging] AndroidManifest.xml:31:25-78
158            </intent-filter>
159        </receiver>
160
161        <provider
161-->[:firebase_messaging] AndroidManifest.xml:41:9-45:38
162            android:name="io.flutter.plugins.firebase.messaging.FlutterFirebaseMessagingInitProvider"
162-->[:firebase_messaging] AndroidManifest.xml:42:13-102
163            android:authorities="com.example.nutrilensfire.flutterfirebasemessaginginitprovider"
163-->[:firebase_messaging] AndroidManifest.xml:43:13-88
164            android:exported="false"
164-->[:firebase_messaging] AndroidManifest.xml:44:13-37
165            android:initOrder="99" />
165-->[:firebase_messaging] AndroidManifest.xml:45:13-35
166        <provider
166-->[:image_picker_android] AndroidManifest.xml:9:9-17:20
167            android:name="io.flutter.plugins.imagepicker.ImagePickerFileProvider"
167-->[:image_picker_android] AndroidManifest.xml:10:13-82
168            android:authorities="com.example.nutrilensfire.flutter.image_provider"
168-->[:image_picker_android] AndroidManifest.xml:11:13-74
169            android:exported="false"
169-->[:image_picker_android] AndroidManifest.xml:12:13-37
170            android:grantUriPermissions="true" >
170-->[:image_picker_android] AndroidManifest.xml:13:13-47
171            <meta-data
171-->[:image_picker_android] AndroidManifest.xml:14:13-16:75
172                android:name="android.support.FILE_PROVIDER_PATHS"
172-->[:image_picker_android] AndroidManifest.xml:15:17-67
173                android:resource="@xml/flutter_image_picker_file_paths" />
173-->[:image_picker_android] AndroidManifest.xml:16:17-72
174        </provider> <!-- Trigger Google Play services to install the backported photo picker module. -->
175        <service
175-->[:image_picker_android] AndroidManifest.xml:19:9-31:19
176            android:name="com.google.android.gms.metadata.ModuleDependencies"
176-->[:image_picker_android] AndroidManifest.xml:20:13-78
177            android:enabled="false"
177-->[:image_picker_android] AndroidManifest.xml:21:13-36
178            android:exported="false" >
178-->[:image_picker_android] AndroidManifest.xml:22:13-37
179            <intent-filter>
179-->[:image_picker_android] AndroidManifest.xml:24:13-26:29
180                <action android:name="com.google.android.gms.metadata.MODULE_DEPENDENCIES" />
180-->[:image_picker_android] AndroidManifest.xml:25:17-94
180-->[:image_picker_android] AndroidManifest.xml:25:25-91
181            </intent-filter>
182
183            <meta-data
183-->[:image_picker_android] AndroidManifest.xml:28:13-30:36
184                android:name="photopicker_activity:0:required"
184-->[:image_picker_android] AndroidManifest.xml:29:17-63
185                android:value="" />
185-->[:image_picker_android] AndroidManifest.xml:30:17-33
186        </service>
187        <!--
188        Service for holding metadata. Cannot be instantiated.
189        Metadata will be merged from other manifests.
190        -->
191        <service
191-->[androidx.camera:camera-core:1.3.4] AndroidManifest.xml:29:9-33:78
192            android:name="androidx.camera.core.impl.MetadataHolderService"
192-->[androidx.camera:camera-core:1.3.4] AndroidManifest.xml:30:13-75
193            android:enabled="false"
193-->[androidx.camera:camera-core:1.3.4] AndroidManifest.xml:31:13-36
194            android:exported="false" >
194-->[androidx.camera:camera-core:1.3.4] AndroidManifest.xml:32:13-37
195            <meta-data
195-->[androidx.camera:camera-camera2:1.3.4] AndroidManifest.xml:30:13-32:89
196                android:name="androidx.camera.core.impl.MetadataHolderService.DEFAULT_CONFIG_PROVIDER"
196-->[androidx.camera:camera-camera2:1.3.4] AndroidManifest.xml:31:17-103
197                android:value="androidx.camera.camera2.Camera2Config$DefaultProvider" />
197-->[androidx.camera:camera-camera2:1.3.4] AndroidManifest.xml:32:17-86
198        </service>
199
200        <activity
200-->[com.google.firebase:firebase-auth:23.2.0] AndroidManifest.xml:29:9-46:20
201            android:name="com.google.firebase.auth.internal.GenericIdpActivity"
201-->[com.google.firebase:firebase-auth:23.2.0] AndroidManifest.xml:30:13-80
202            android:excludeFromRecents="true"
202-->[com.google.firebase:firebase-auth:23.2.0] AndroidManifest.xml:31:13-46
203            android:exported="true"
203-->[com.google.firebase:firebase-auth:23.2.0] AndroidManifest.xml:32:13-36
204            android:launchMode="singleTask"
204-->[com.google.firebase:firebase-auth:23.2.0] AndroidManifest.xml:33:13-44
205            android:theme="@android:style/Theme.Translucent.NoTitleBar" >
205-->[com.google.firebase:firebase-auth:23.2.0] AndroidManifest.xml:34:13-72
206            <intent-filter>
206-->[com.google.firebase:firebase-auth:23.2.0] AndroidManifest.xml:35:13-45:29
207                <action android:name="android.intent.action.VIEW" />
207-->[com.google.firebase:firebase-auth:23.2.0] AndroidManifest.xml:36:17-69
207-->[com.google.firebase:firebase-auth:23.2.0] AndroidManifest.xml:36:25-66
208
209                <category android:name="android.intent.category.DEFAULT" />
209-->[com.google.firebase:firebase-auth:23.2.0] AndroidManifest.xml:38:17-76
209-->[com.google.firebase:firebase-auth:23.2.0] AndroidManifest.xml:38:27-73
210                <category android:name="android.intent.category.BROWSABLE" />
210-->[com.google.firebase:firebase-auth:23.2.0] AndroidManifest.xml:39:17-78
210-->[com.google.firebase:firebase-auth:23.2.0] AndroidManifest.xml:39:27-75
211
212                <data
212-->src\main\AndroidManifest.xml:42:13-50
213                    android:host="firebase.auth"
214                    android:path="/"
215                    android:scheme="genericidp" />
216            </intent-filter>
217        </activity>
218        <activity
218-->[com.google.firebase:firebase-auth:23.2.0] AndroidManifest.xml:47:9-64:20
219            android:name="com.google.firebase.auth.internal.RecaptchaActivity"
219-->[com.google.firebase:firebase-auth:23.2.0] AndroidManifest.xml:48:13-79
220            android:excludeFromRecents="true"
220-->[com.google.firebase:firebase-auth:23.2.0] AndroidManifest.xml:49:13-46
221            android:exported="true"
221-->[com.google.firebase:firebase-auth:23.2.0] AndroidManifest.xml:50:13-36
222            android:launchMode="singleTask"
222-->[com.google.firebase:firebase-auth:23.2.0] AndroidManifest.xml:51:13-44
223            android:theme="@android:style/Theme.Translucent.NoTitleBar" >
223-->[com.google.firebase:firebase-auth:23.2.0] AndroidManifest.xml:52:13-72
224            <intent-filter>
224-->[com.google.firebase:firebase-auth:23.2.0] AndroidManifest.xml:53:13-63:29
225                <action android:name="android.intent.action.VIEW" />
225-->[com.google.firebase:firebase-auth:23.2.0] AndroidManifest.xml:36:17-69
225-->[com.google.firebase:firebase-auth:23.2.0] AndroidManifest.xml:36:25-66
226
227                <category android:name="android.intent.category.DEFAULT" />
227-->[com.google.firebase:firebase-auth:23.2.0] AndroidManifest.xml:38:17-76
227-->[com.google.firebase:firebase-auth:23.2.0] AndroidManifest.xml:38:27-73
228                <category android:name="android.intent.category.BROWSABLE" />
228-->[com.google.firebase:firebase-auth:23.2.0] AndroidManifest.xml:39:17-78
228-->[com.google.firebase:firebase-auth:23.2.0] AndroidManifest.xml:39:27-75
229
230                <data
230-->src\main\AndroidManifest.xml:42:13-50
231                    android:host="firebase.auth"
232                    android:path="/"
233                    android:scheme="recaptcha" />
234            </intent-filter>
235        </activity>
236
237        <service
237-->[com.google.android.gms:play-services-mlkit-barcode-scanning:18.3.1] AndroidManifest.xml:9:9-15:19
238            android:name="com.google.mlkit.common.internal.MlKitComponentDiscoveryService"
238-->[com.google.android.gms:play-services-mlkit-barcode-scanning:18.3.1] AndroidManifest.xml:10:13-91
239            android:directBootAware="true"
239-->[com.google.mlkit:common:18.11.0] AndroidManifest.xml:17:13-43
240            android:exported="false" >
240-->[com.google.android.gms:play-services-mlkit-barcode-scanning:18.3.1] AndroidManifest.xml:11:13-37
241            <meta-data
241-->[com.google.android.gms:play-services-mlkit-barcode-scanning:18.3.1] AndroidManifest.xml:12:13-14:85
242                android:name="com.google.firebase.components:com.google.mlkit.vision.barcode.internal.BarcodeRegistrar"
242-->[com.google.android.gms:play-services-mlkit-barcode-scanning:18.3.1] AndroidManifest.xml:13:17-120
243                android:value="com.google.firebase.components.ComponentRegistrar" />
243-->[com.google.android.gms:play-services-mlkit-barcode-scanning:18.3.1] AndroidManifest.xml:14:17-82
244            <meta-data
244-->[com.google.android.gms:play-services-mlkit-text-recognition-common:18.0.0] AndroidManifest.xml:12:13-14:85
245                android:name="com.google.firebase.components:com.google.mlkit.vision.text.internal.TextRegistrar"
245-->[com.google.android.gms:play-services-mlkit-text-recognition-common:18.0.0] AndroidManifest.xml:13:17-114
246                android:value="com.google.firebase.components.ComponentRegistrar" />
246-->[com.google.android.gms:play-services-mlkit-text-recognition-common:18.0.0] AndroidManifest.xml:14:17-82
247            <meta-data
247-->[com.google.mlkit:vision-common:17.3.0] AndroidManifest.xml:12:13-14:85
248                android:name="com.google.firebase.components:com.google.mlkit.vision.common.internal.VisionCommonRegistrar"
248-->[com.google.mlkit:vision-common:17.3.0] AndroidManifest.xml:13:17-124
249                android:value="com.google.firebase.components.ComponentRegistrar" />
249-->[com.google.mlkit:vision-common:17.3.0] AndroidManifest.xml:14:17-82
250            <meta-data
250-->[com.google.mlkit:common:18.11.0] AndroidManifest.xml:20:13-22:85
251                android:name="com.google.firebase.components:com.google.mlkit.common.internal.CommonComponentRegistrar"
251-->[com.google.mlkit:common:18.11.0] AndroidManifest.xml:21:17-120
252                android:value="com.google.firebase.components.ComponentRegistrar" />
252-->[com.google.mlkit:common:18.11.0] AndroidManifest.xml:22:17-82
253        </service>
254
255        <receiver
255-->[com.google.firebase:firebase-messaging:24.1.1] AndroidManifest.xml:29:9-40:20
256            android:name="com.google.firebase.iid.FirebaseInstanceIdReceiver"
256-->[com.google.firebase:firebase-messaging:24.1.1] AndroidManifest.xml:30:13-78
257            android:exported="true"
257-->[com.google.firebase:firebase-messaging:24.1.1] AndroidManifest.xml:31:13-36
258            android:permission="com.google.android.c2dm.permission.SEND" >
258-->[com.google.firebase:firebase-messaging:24.1.1] AndroidManifest.xml:32:13-73
259            <intent-filter>
259-->[:firebase_messaging] AndroidManifest.xml:30:13-32:29
260                <action android:name="com.google.android.c2dm.intent.RECEIVE" />
260-->[:firebase_messaging] AndroidManifest.xml:31:17-81
260-->[:firebase_messaging] AndroidManifest.xml:31:25-78
261            </intent-filter>
262
263            <meta-data
263-->[com.google.firebase:firebase-messaging:24.1.1] AndroidManifest.xml:37:13-39:40
264                android:name="com.google.android.gms.cloudmessaging.FINISHED_AFTER_HANDLED"
264-->[com.google.firebase:firebase-messaging:24.1.1] AndroidManifest.xml:38:17-92
265                android:value="true" />
265-->[com.google.firebase:firebase-messaging:24.1.1] AndroidManifest.xml:39:17-37
266        </receiver>
267        <!--
268             FirebaseMessagingService performs security checks at runtime,
269             but set to not exported to explicitly avoid allowing another app to call it.
270        -->
271        <service
271-->[com.google.firebase:firebase-messaging:24.1.1] AndroidManifest.xml:46:9-53:19
272            android:name="com.google.firebase.messaging.FirebaseMessagingService"
272-->[com.google.firebase:firebase-messaging:24.1.1] AndroidManifest.xml:47:13-82
273            android:directBootAware="true"
273-->[com.google.firebase:firebase-messaging:24.1.1] AndroidManifest.xml:48:13-43
274            android:exported="false" >
274-->[com.google.firebase:firebase-messaging:24.1.1] AndroidManifest.xml:49:13-37
275            <intent-filter android:priority="-500" >
275-->[:firebase_messaging] AndroidManifest.xml:21:13-23:29
276                <action android:name="com.google.firebase.MESSAGING_EVENT" />
276-->[:firebase_messaging] AndroidManifest.xml:22:17-78
276-->[:firebase_messaging] AndroidManifest.xml:22:25-75
277            </intent-filter>
278        </service>
279
280        <provider
280-->[com.google.firebase:firebase-common:21.0.0] AndroidManifest.xml:23:9-28:39
281            android:name="com.google.firebase.provider.FirebaseInitProvider"
281-->[com.google.firebase:firebase-common:21.0.0] AndroidManifest.xml:24:13-77
282            android:authorities="com.example.nutrilensfire.firebaseinitprovider"
282-->[com.google.firebase:firebase-common:21.0.0] AndroidManifest.xml:25:13-72
283            android:directBootAware="true"
283-->[com.google.firebase:firebase-common:21.0.0] AndroidManifest.xml:26:13-43
284            android:exported="false"
284-->[com.google.firebase:firebase-common:21.0.0] AndroidManifest.xml:27:13-37
285            android:initOrder="100" />
285-->[com.google.firebase:firebase-common:21.0.0] AndroidManifest.xml:28:13-36
286        <provider
286-->[com.google.mlkit:common:18.11.0] AndroidManifest.xml:9:9-13:38
287            android:name="com.google.mlkit.common.internal.MlKitInitProvider"
287-->[com.google.mlkit:common:18.11.0] AndroidManifest.xml:10:13-78
288            android:authorities="com.example.nutrilensfire.mlkitinitprovider"
288-->[com.google.mlkit:common:18.11.0] AndroidManifest.xml:11:13-69
289            android:exported="false"
289-->[com.google.mlkit:common:18.11.0] AndroidManifest.xml:12:13-37
290            android:initOrder="99" />
290-->[com.google.mlkit:common:18.11.0] AndroidManifest.xml:13:13-35
291
292        <service
292-->[androidx.credentials:credentials-play-services-auth:1.2.0-rc01] AndroidManifest.xml:24:9-32:19
293            android:name="androidx.credentials.playservices.CredentialProviderMetadataHolder"
293-->[androidx.credentials:credentials-play-services-auth:1.2.0-rc01] AndroidManifest.xml:25:13-94
294            android:enabled="true"
294-->[androidx.credentials:credentials-play-services-auth:1.2.0-rc01] AndroidManifest.xml:26:13-35
295            android:exported="false" >
295-->[androidx.credentials:credentials-play-services-auth:1.2.0-rc01] AndroidManifest.xml:27:13-37
296            <meta-data
296-->[androidx.credentials:credentials-play-services-auth:1.2.0-rc01] AndroidManifest.xml:29:13-31:104